  main.cpp
c:\users\shanik\desktop\ejercicio3decasa\ejerciciodecasa3\ejerciciodecasa3\main.cpp(118): warning C4996: 'scanf': This function or variable may be unsafe. Consider using scanf_s instead. To disable deprecation, use _CRT_SECURE_NO_WARNINGS. See online help for details.
  c:\program files (x86)\windows kits\10\include\10.0.15063.0\ucrt\stdio.h(1272): note: vea la declaración de 'scanf'
c:\users\shanik\desktop\ejercicio3decasa\ejerciciodecasa3\ejerciciodecasa3\main.cpp(122): warning C4474: "printf": se pasaron demasiados argumentos para la cadena de formato
  c:\users\shanik\desktop\ejercicio3decasa\ejerciciodecasa3\ejerciciodecasa3\main.cpp(122): note: los marcadores de posición y sus parámetros esperan 0 argumentos variádicos, pero se proporcionaron 1
c:\users\shanik\desktop\ejercicio3decasa\ejerciciodecasa3\ejerciciodecasa3\main.cpp(123): warning C4996: 'scanf': This function or variable may be unsafe. Consider using scanf_s instead. To disable deprecation, use _CRT_SECURE_NO_WARNINGS. See online help for details.
  c:\program files (x86)\windows kits\10\include\10.0.15063.0\ucrt\stdio.h(1272): note: vea la declaración de 'scanf'
c:\users\shanik\desktop\ejercicio3decasa\ejerciciodecasa3\ejerciciodecasa3\main.cpp(131): warning C4474: "printf": se pasaron demasiados argumentos para la cadena de formato
  c:\users\shanik\desktop\ejercicio3decasa\ejerciciodecasa3\ejerciciodecasa3\main.cpp(131): note: los marcadores de posición y sus parámetros esperan 0 argumentos variádicos, pero se proporcionaron 1
c:\users\shanik\desktop\ejercicio3decasa\ejerciciodecasa3\ejerciciodecasa3\main.cpp(132): warning C4996: 'scanf': This function or variable may be unsafe. Consider using scanf_s instead. To disable deprecation, use _CRT_SECURE_NO_WARNINGS. See online help for details.
  c:\program files (x86)\windows kits\10\include\10.0.15063.0\ucrt\stdio.h(1272): note: vea la declaración de 'scanf'
c:\users\shanik\desktop\ejercicio3decasa\ejerciciodecasa3\ejerciciodecasa3\main.cpp(137): warning C4474: "printf": se pasaron demasiados argumentos para la cadena de formato
  c:\users\shanik\desktop\ejercicio3decasa\ejerciciodecasa3\ejerciciodecasa3\main.cpp(137): note: los marcadores de posición y sus parámetros esperan 0 argumentos variádicos, pero se proporcionaron 1
c:\users\shanik\desktop\ejercicio3decasa\ejerciciodecasa3\ejerciciodecasa3\main.cpp(138): warning C4996: 'scanf': This function or variable may be unsafe. Consider using scanf_s instead. To disable deprecation, use _CRT_SECURE_NO_WARNINGS. See online help for details.
  c:\program files (x86)\windows kits\10\include\10.0.15063.0\ucrt\stdio.h(1272): note: vea la declaración de 'scanf'
c:\users\shanik\desktop\ejercicio3decasa\ejerciciodecasa3\ejerciciodecasa3\main.cpp(146): warning C4474: "printf": se pasaron demasiados argumentos para la cadena de formato
  c:\users\shanik\desktop\ejercicio3decasa\ejerciciodecasa3\ejerciciodecasa3\main.cpp(146): note: los marcadores de posición y sus parámetros esperan 0 argumentos variádicos, pero se proporcionaron 1
c:\users\shanik\desktop\ejercicio3decasa\ejerciciodecasa3\ejerciciodecasa3\main.cpp(147): warning C4996: 'scanf': This function or variable may be unsafe. Consider using scanf_s instead. To disable deprecation, use _CRT_SECURE_NO_WARNINGS. See online help for details.
  c:\program files (x86)\windows kits\10\include\10.0.15063.0\ucrt\stdio.h(1272): note: vea la declaración de 'scanf'
c:\users\shanik\desktop\ejercicio3decasa\ejerciciodecasa3\ejerciciodecasa3\main.cpp(152): warning C4474: "printf": se pasaron demasiados argumentos para la cadena de formato
  c:\users\shanik\desktop\ejercicio3decasa\ejerciciodecasa3\ejerciciodecasa3\main.cpp(152): note: los marcadores de posición y sus parámetros esperan 0 argumentos variádicos, pero se proporcionaron 1
c:\users\shanik\desktop\ejercicio3decasa\ejerciciodecasa3\ejerciciodecasa3\main.cpp(153): warning C4996: 'scanf': This function or variable may be unsafe. Consider using scanf_s instead. To disable deprecation, use _CRT_SECURE_NO_WARNINGS. See online help for details.
  c:\program files (x86)\windows kits\10\include\10.0.15063.0\ucrt\stdio.h(1272): note: vea la declaración de 'scanf'
c:\users\shanik\desktop\ejercicio3decasa\ejerciciodecasa3\ejerciciodecasa3\main.cpp(161): warning C4474: "printf": se pasaron demasiados argumentos para la cadena de formato
  c:\users\shanik\desktop\ejercicio3decasa\ejerciciodecasa3\ejerciciodecasa3\main.cpp(161): note: los marcadores de posición y sus parámetros esperan 0 argumentos variádicos, pero se proporcionaron 1
c:\users\shanik\desktop\ejercicio3decasa\ejerciciodecasa3\ejerciciodecasa3\main.cpp(162): warning C4996: 'scanf': This function or variable may be unsafe. Consider using scanf_s instead. To disable deprecation, use _CRT_SECURE_NO_WARNINGS. See online help for details.
  c:\program files (x86)\windows kits\10\include\10.0.15063.0\ucrt\stdio.h(1272): note: vea la declaración de 'scanf'
  EjerciciodeCasa3.vcxproj -> C:\Users\Shanik\Desktop\Ejercicio3deCasa\EjerciciodeCasa3\Debug\EjerciciodeCasa3.exe
  EjerciciodeCasa3.vcxproj -> C:\Users\Shanik\Desktop\Ejercicio3deCasa\EjerciciodeCasa3\Debug\EjerciciodeCasa3.pdb (Partial PDB)
